<?xml version="1.0" encoding="UTF-8"?>
<!-- Generated by org.testng.reporters.JUnitReportReporter -->
<testsuite hostname="DESKTOP-MOKGLN3" failures="0" tests="1" name="Pulse.HasbroPulseTest" time="400.127" errors="0" timestamp="2021-09-30T08:37:07 IST" skipped="0">
  <testcase classname="Pulse.HasbroPulseTest" name="PositiveCase" time="400.127"/>
  <system-out/>
</testsuite> <!-- Pulse.HasbroPulseTest -->
