<?xml version="1.0" encoding="UTF-8"?>
<!-- Generated by org.testng.reporters.JUnitReportReporter -->
<testsuite hostname="DESKTOP-MOKGLN3" failures="0" tests="1" name="Pulse.TesterExcel" time="94.240" errors="0" timestamp="2021-09-26T21:20:31 IST" skipped="0">
  <testcase classname="Pulse.TesterExcel" name="PositiveCase" time="94.240"/>
  <system-out/>
</testsuite> <!-- Pulse.TesterExcel -->
