<?xml version="1.0" encoding="UTF-8"?>
<!-- Generated by org.testng.reporters.JUnitReportReporter -->
<testsuite hostname="DESKTOP-MOKGLN3" failures="0" tests="1" name="Pulse.Tester" time="88.547" errors="0" timestamp="2021-09-26T17:43:14 IST" skipped="0">
  <testcase classname="Pulse.Tester" name="sampleTest1" time="88.547"/>
  <system-out/>
</testsuite> <!-- Pulse.Tester -->
