<?xml version="1.0" encoding="UTF-8"?>
<!-- Generated by org.testng.reporters.JUnitReportReporter -->
<testsuite hostname="DESKTOP-MOKGLN3" failures="0" tests="1" name="Pulse.FinalTest" time="41.541" errors="0" timestamp="2021-09-26T19:31:45 IST" skipped="0">
  <testcase classname="Pulse.FinalTest" name="PositiveCase" time="41.541"/>
  <system-out/>
</testsuite> <!-- Pulse.FinalTest -->
