<?xml version="1.0" encoding="UTF-8"?>
<!-- Generated by org.testng.reporters.JUnitReportReporter -->
<testsuite hostname="DESKTOP-MOKGLN3" failures="0" tests="1" name="Pulse.HasbroAgeGate" time="14.930" errors="0" timestamp="2021-09-26T21:44:45 IST" skipped="0">
  <testcase classname="Pulse.HasbroAgeGate" name="sampleTest1" time="14.930"/>
  <system-out/>
</testsuite> <!-- Pulse.HasbroAgeGate -->
