<?xml version="1.0" encoding="UTF-8"?>
<!-- Generated by org.testng.reporters.JUnitReportReporter -->
<testsuite hostname="DESKTOP-MOKGLN3" failures="0" tests="2" name="Pulse.HasbroPulseTest" time="513.428" errors="0" timestamp="2021-09-30T08:59:54 IST" skipped="0">
  <testcase classname="Pulse.HasbroPulseTest" name="NegativeCase" time="111.917"/>
  <system-out/>
  <testcase classname="Pulse.HasbroPulseTest" name="PositiveCase" time="401.511"/>
  <system-out/>
</testsuite> <!-- Pulse.HasbroPulseTest -->
